<?xml version="1.0" encoding="UTF-8"?>
<!-- Generated by org.testng.reporters.JUnitXMLReporter -->
<testsuite hostname="hp-11" ignored="0" name="t004" tests="2" failures="1" timestamp="02 nov 2017 20:33:59 GMT" time="20.004" errors="0">
  <testcase name="validarTextLinks" time="5.968" classname="test.BookFlightTest"/>
  <testcase name="verificarElementosBookFlight" time="8.208" classname="test.BookFlightTest">
    <failure type="java.lang.AssertionError" message="No se encontró el input first name 0">
      <![CDATA[java.lang.AssertionError: No se encontró el input first name 0
	at test.BookFlightTest.verificarElementosBookFlight(BookFlightTest.java:61)
... Removed 26 stack frames]]>
    </failure>
  </testcase> <!-- verificarElementosBookFlight -->
</testsuite> <!-- t004 -->
