<?xml version="1.0" encoding="UTF-8"?>
<testng-results skipped="0" failed="1" ignored="0" total="11" passed="10">
  <reporter-output>
  </reporter-output>
  <suite name="Autenticacion" duration-ms="98638" started-at="2017-11-02T20:32:20Z" finished-at="2017-11-02T20:33:59Z">
    <groups>
    </groups>
    <test name="t001" duration-ms="27787" started-at="2017-11-02T20:32:20Z" finished-at="2017-11-02T20:32:48Z">
      <class name="test.LoginTest">
        <test-method status="PASS" signature="initializeTestBaseSetup()[pri:0, instance:test.LoginTest@3e6fa38a]" name="initializeTestBaseSetup" is-config="true" duration-ms="11233" started-at="2017-11-02T15:32:20Z" finished-at="2017-11-02T15:32:32Z">
          <reporter-output>
          </reporter-output>
        </test-method> <!-- initializeTestBaseSetup -->
        <test-method status="PASS" signature="validarTextLinks()[pri:0, instance:test.LoginTest@3e6fa38a]" name="validarTextLinks" duration-ms="1590" started-at="2017-11-02T15:32:32Z" finished-at="2017-11-02T15:32:33Z">
          <reporter-output>
          </reporter-output>
        </test-method> <!-- validarTextLinks -->
        <test-method status="PASS" signature="verificarCamposLogin()[pri:1, instance:test.LoginTest@3e6fa38a]" name="verificarCamposLogin" duration-ms="766" started-at="2017-11-02T15:32:33Z" finished-at="2017-11-02T15:32:34Z">
          <reporter-output>
          </reporter-output>
        </test-method> <!-- verificarCamposLogin -->
        <test-method status="PASS" signature="autenticarse()[pri:2, instance:test.LoginTest@3e6fa38a]" name="autenticarse" duration-ms="13726" started-at="2017-11-02T15:32:34Z" finished-at="2017-11-02T15:32:48Z">
          <reporter-output>
          </reporter-output>
        </test-method> <!-- autenticarse -->
        <test-method status="PASS" signature="tearDown()[pri:0, instance:test.LoginTest@3e6fa38a]" name="tearDown" is-config="true" duration-ms="315" started-at="2017-11-02T15:32:48Z" finished-at="2017-11-02T15:32:48Z">
          <reporter-output>
          </reporter-output>
        </test-method> <!-- tearDown -->
      </class> <!-- test.LoginTest -->
    </test> <!-- t001 -->
    <test name="t002" duration-ms="24452" started-at="2017-11-02T20:32:48Z" finished-at="2017-11-02T20:33:13Z">
      <class name="test.FindFlightTest">
        <test-method status="PASS" signature="initializeTestBaseSetup()[pri:0, instance:test.FindFlightTest@4dfa3a9d]" name="initializeTestBaseSetup" is-config="true" duration-ms="5393" started-at="2017-11-02T15:32:48Z" finished-at="2017-11-02T15:32:54Z">
          <reporter-output>
          </reporter-output>
        </test-method> <!-- initializeTestBaseSetup -->
        <test-method status="PASS" signature="validarTextLinks()[pri:0, instance:test.FindFlightTest@4dfa3a9d]" name="validarTextLinks" duration-ms="6576" started-at="2017-11-02T15:32:54Z" finished-at="2017-11-02T15:33:00Z">
          <reporter-output>
          </reporter-output>
        </test-method> <!-- validarTextLinks -->
        <test-method status="PASS" signature="verificarElementosFindFlight()[pri:1, instance:test.FindFlightTest@4dfa3a9d]" name="verificarElementosFindFlight" duration-ms="3585" started-at="2017-11-02T15:33:00Z" finished-at="2017-11-02T15:33:04Z">
          <reporter-output>
          </reporter-output>
        </test-method> <!-- verificarElementosFindFlight -->
        <test-method status="PASS" signature="seleccionarOpcionesVuelo()[pri:2, instance:test.FindFlightTest@4dfa3a9d]" name="seleccionarOpcionesVuelo" duration-ms="8521" started-at="2017-11-02T15:33:04Z" finished-at="2017-11-02T15:33:12Z">
          <reporter-output>
          </reporter-output>
        </test-method> <!-- seleccionarOpcionesVuelo -->
        <test-method status="PASS" signature="tearDown()[pri:0, instance:test.FindFlightTest@4dfa3a9d]" name="tearDown" is-config="true" duration-ms="311" started-at="2017-11-02T15:33:12Z" finished-at="2017-11-02T15:33:13Z">
          <reporter-output>
          </reporter-output>
        </test-method> <!-- tearDown -->
      </class> <!-- test.FindFlightTest -->
    </test> <!-- t002 -->
    <test name="t003" duration-ms="26218" started-at="2017-11-02T20:33:13Z" finished-at="2017-11-02T20:33:39Z">
      <class name="test.SelectFlightTest">
        <test-method status="PASS" signature="initializeTestBaseSetup()[pri:0, instance:test.SelectFlightTest@598067a5]" name="initializeTestBaseSetup" is-config="true" duration-ms="5766" started-at="2017-11-02T15:33:13Z" finished-at="2017-11-02T15:33:19Z">
          <reporter-output>
          </reporter-output>
        </test-method> <!-- initializeTestBaseSetup -->
        <test-method status="PASS" signature="validarTextLinks()[pri:0, instance:test.SelectFlightTest@598067a5]" name="validarTextLinks" duration-ms="15482" started-at="2017-11-02T15:33:19Z" finished-at="2017-11-02T15:33:34Z">
          <reporter-output>
          </reporter-output>
        </test-method> <!-- validarTextLinks -->
        <test-method status="PASS" signature="verificarElementosFindFlight()[pri:1, instance:test.SelectFlightTest@598067a5]" name="verificarElementosFindFlight" duration-ms="2091" started-at="2017-11-02T15:33:34Z" finished-at="2017-11-02T15:33:36Z">
          <reporter-output>
          </reporter-output>
        </test-method> <!-- verificarElementosFindFlight -->
        <test-method status="PASS" signature="seleccionarDepartAndReturn()[pri:2, instance:test.SelectFlightTest@598067a5]" name="seleccionarDepartAndReturn" duration-ms="2587" started-at="2017-11-02T15:33:36Z" finished-at="2017-11-02T15:33:39Z">
          <reporter-output>
          </reporter-output>
        </test-method> <!-- seleccionarDepartAndReturn -->
        <test-method status="PASS" signature="tearDown()[pri:0, instance:test.SelectFlightTest@598067a5]" name="tearDown" is-config="true" duration-ms="253" started-at="2017-11-02T15:33:39Z" finished-at="2017-11-02T15:33:39Z">
          <reporter-output>
          </reporter-output>
        </test-method> <!-- tearDown -->
      </class> <!-- test.SelectFlightTest -->
    </test> <!-- t003 -->
    <test name="t004" duration-ms="20004" started-at="2017-11-02T20:33:39Z" finished-at="2017-11-02T20:33:59Z">
      <class name="test.BookFlightTest">
        <test-method status="PASS" signature="initializeTestBaseSetup()[pri:0, instance:test.BookFlightTest@42dafa95]" name="initializeTestBaseSetup" is-config="true" duration-ms="5496" started-at="2017-11-02T15:33:39Z" finished-at="2017-11-02T15:33:44Z">
          <reporter-output>
          </reporter-output>
        </test-method> <!-- initializeTestBaseSetup -->
        <test-method status="PASS" signature="validarTextLinks()[pri:0, instance:test.BookFlightTest@42dafa95]" name="validarTextLinks" duration-ms="5968" started-at="2017-11-02T15:33:44Z" finished-at="2017-11-02T15:33:50Z">
          <reporter-output>
          </reporter-output>
        </test-method> <!-- validarTextLinks -->
        <test-method status="FAIL" signature="verificarElementosBookFlight()[pri:1, instance:test.BookFlightTest@42dafa95]" name="verificarElementosBookFlight" duration-ms="8208" started-at="2017-11-02T15:33:50Z" finished-at="2017-11-02T15:33:59Z">
          <exception class="java.lang.AssertionError">
            <message>
              <![CDATA[No se encontró el input first name 0]]>
            </message>
            <full-stacktrace>
              <![CDATA[java.lang.AssertionError: No se encontró el input first name 0
	at org.testng.Assert.fail(Assert.java:93)
	at test.BookFlightTest.verificarElementosBookFlight(BookFlightTest.java:61)
	at sun.reflect.NativeMethodAccessorImpl.invoke0(Native Method)
	at sun.reflect.NativeMethodAccessorImpl.invoke(NativeMethodAccessorImpl.java:62)
	at sun.reflect.DelegatingMethodAccessorImpl.invoke(DelegatingMethodAccessorImpl.java:43)
	at java.lang.reflect.Method.invoke(Method.java:498)
	at org.testng.internal.MethodInvocationHelper.invokeMethod(MethodInvocationHelper.java:108)
	at org.testng.internal.Invoker.invokeMethod(Invoker.java:669)
	at org.testng.internal.Invoker.invokeTestMethod(Invoker.java:877)
	at org.testng.internal.Invoker.invokeTestMethods(Invoker.java:1201)
	at org.testng.internal.TestMethodWorker.invokeTestMethods(TestMethodWorker.java:125)
	at org.testng.internal.TestMethodWorker.run(TestMethodWorker.java:109)
	at org.testng.TestRunner.privateRun(TestRunner.java:776)
	at org.testng.TestRunner.run(TestRunner.java:634)
	at org.testng.SuiteRunner.runTest(SuiteRunner.java:425)
	at org.testng.SuiteRunner.runSequentially(SuiteRunner.java:420)
	at org.testng.SuiteRunner.privateRun(SuiteRunner.java:385)
	at org.testng.SuiteRunner.run(SuiteRunner.java:334)
	at org.testng.SuiteRunnerWorker.runSuite(SuiteRunnerWorker.java:52)
	at org.testng.SuiteRunnerWorker.run(SuiteRunnerWorker.java:86)
	at org.testng.TestNG.runSuitesSequentially(TestNG.java:1318)
	at org.testng.TestNG.runSuitesLocally(TestNG.java:1243)
	at org.testng.TestNG.runSuites(TestNG.java:1161)
	at org.testng.TestNG.run(TestNG.java:1129)
	at org.testng.remote.AbstractRemoteTestNG.run(AbstractRemoteTestNG.java:114)
	at org.testng.remote.RemoteTestNG.initAndRun(RemoteTestNG.java:251)
	at org.testng.remote.RemoteTestNG.main(RemoteTestNG.java:77)
]]>
            </full-stacktrace>
          </exception> <!-- java.lang.AssertionError -->
          <reporter-output>
          </reporter-output>
        </test-method> <!-- verificarElementosBookFlight -->
        <test-method status="PASS" signature="tearDown()[pri:0, instance:test.BookFlightTest@42dafa95]" name="tearDown" is-config="true" duration-ms="293" started-at="2017-11-02T15:33:59Z" finished-at="2017-11-02T15:33:59Z">
          <reporter-output>
          </reporter-output>
        </test-method> <!-- tearDown -->
      </class> <!-- test.BookFlightTest -->
    </test> <!-- t004 -->
  </suite> <!-- Autenticacion -->
</testng-results>
